{
  "Minitest": {
    "coverage": {
      "/Users/christianescutia/Desktop/CSCE_431/GroupProject/TaskTracker/config/environment.rb": {
        "lines": [
          null,
          1,
          null,
          null,
          1
        ]
      },
      "/Users/christianescutia/Desktop/CSCE_431/GroupProject/TaskTracker/config/environments/test.rb": {
        "lines": [
          1,
          null,
          null,
          null,
          null,
          null,
          null,
          1,
          null,
          null,
          1,
          null,
          null,
          null,
          null,
          1,
          null,
          null,
          1,
          1,
          null,
          null,
          null,
          null,
          1,
          1,
          1,
          null,
          null,
          1,
          null,
          null,
          1,
          null,
          null,
          1,
          null,
          1,
          null,
          null,
          null,
          null,
          1,
          null,
          null,
          1,
          null,
          null,
          1,
          null,
          null,
          1,
          null,
          null,
          null,
          null,
          null,
          null,
          null
        ]
      },
      "/Users/christianescutia/Desktop/CSCE_431/GroupProject/TaskTracker/config/initializers/application_controller_renderer.rb": {
        "lines": [
          null,
          null,
          null,
          null,
          null,
          null,
          null,
          null
        ]
      },
      "/Users/christianescutia/Desktop/CSCE_431/GroupProject/TaskTracker/config/initializers/assets.rb": {
        "lines": [
          null,
          null,
          null,
          1,
          null,
          null,
          null,
          null,
          1,
          null,
          null,
          null,
          null,
          null
        ]
      },
      "/Users/christianescutia/Desktop/CSCE_431/GroupProject/TaskTracker/config/initializers/backtrace_silencers.rb": {
        "lines": [
          null,
          null,
          null,
          null,
          null,
          null,
          null,
          1
        ]
      },
      "/Users/christianescutia/Desktop/CSCE_431/GroupProject/TaskTracker/config/initializers/content_security_policy.rb": {
        "lines": [
          null,
          null,
          null,
          null,
          null,
          null,
          null,
          null,
          null,
          null,
          null,
          null,
          null,
          null,
          null,
          null,
          null,
          null,
          null,
          null,
          null,
          null,
          null,
          null,
          null,
          null,
          null,
          null,
          null,
          null
        ]
      },
      "/Users/christianescutia/Desktop/CSCE_431/GroupProject/TaskTracker/config/initializers/cookies_serializer.rb": {
        "lines": [
          null,
          null,
          null,
          null,
          1
        ]
      },
      "/Users/christianescutia/Desktop/CSCE_431/GroupProject/TaskTracker/config/initializers/filter_parameter_logging.rb": {
        "lines": [
          null,
          null,
          null,
          1,
          null,
          null
        ]
      },
      "/Users/christianescutia/Desktop/CSCE_431/GroupProject/TaskTracker/config/initializers/inflections.rb": {
        "lines": [
          null,
          null,
          null,
          null,
          null,
          null,
          null,
          null,
          null,
          null,
          null,
          null,
          null,
          null,
          null,
          null
        ]
      },
      "/Users/christianescutia/Desktop/CSCE_431/GroupProject/TaskTracker/config/initializers/mime_types.rb": {
        "lines": [
          null,
          null,
          null,
          null
        ]
      },
      "/Users/christianescutia/Desktop/CSCE_431/GroupProject/TaskTracker/config/initializers/permissions_policy.rb": {
        "lines": [
          null,
          null,
          null,
          null,
          null,
          null,
          null,
          null,
          null,
          null,
          null
        ]
      },
      "/Users/christianescutia/Desktop/CSCE_431/GroupProject/TaskTracker/config/initializers/wrap_parameters.rb": {
        "lines": [
          null,
          null,
          null,
          null,
          null,
          null,
          1,
          2,
          null,
          null,
          null,
          null,
          null,
          null
        ]
      },
      "/Users/christianescutia/Desktop/CSCE_431/GroupProject/TaskTracker/config/routes.rb": {
        "lines": [
          1,
          1,
          null,
          1,
          1,
          null,
          1,
          1,
          1,
          1,
          1,
          1,
          null
        ]
      },
      "/Users/christianescutia/Desktop/CSCE_431/GroupProject/TaskTracker/test/controllers/sessions_controller_test.rb": {
        "lines": [
          1,
          null,
          1,
          1,
          0,
          0,
          null,
          null,
          1,
          0,
          0,
          null,
          null
        ]
      },
      "/Users/christianescutia/Desktop/CSCE_431/GroupProject/TaskTracker/test/controllers/tasks_controller_test.rb": {
        "lines": [
          1,
          null,
          1,
          1,
          0,
          0,
          null,
          null
        ]
      },
      "/Users/christianescutia/Desktop/CSCE_431/GroupProject/TaskTracker/test/models/login_cred_test.rb": {
        "lines": [
          1,
          null,
          1,
          null,
          null,
          null,
          null
        ]
      },
      "/Users/christianescutia/Desktop/CSCE_431/GroupProject/TaskTracker/test/models/role_test.rb": {
        "lines": [
          1,
          null,
          1,
          null,
          null,
          null,
          null
        ]
      },
      "/Users/christianescutia/Desktop/CSCE_431/GroupProject/TaskTracker/test/models/task_test.rb": {
        "lines": [
          1,
          null,
          1,
          null,
          null,
          null,
          null
        ]
      },
      "/Users/christianescutia/Desktop/CSCE_431/GroupProject/TaskTracker/test/models/user_test.rb": {
        "lines": [
          1,
          null,
          1,
          null,
          null,
          null,
          null
        ]
      },
      "/Users/christianescutia/Desktop/CSCE_431/GroupProject/TaskTracker/app/models/role.rb": {
        "lines": [
          1,
          null
        ]
      },
      "/Users/christianescutia/Desktop/CSCE_431/GroupProject/TaskTracker/app/models/application_record.rb": {
        "lines": [
          1,
          1,
          null
        ]
      },
      "/Users/christianescutia/Desktop/CSCE_431/GroupProject/TaskTracker/app/models/task.rb": {
        "lines": [
          1,
          null
        ]
      },
      "/Users/christianescutia/Desktop/CSCE_431/GroupProject/TaskTracker/app/models/user.rb": {
        "lines": [
          1,
          null
        ]
      }
    },
    "timestamp": 1614583822
  },
  "RSpec": {
    "coverage": {
      "/Users/johnpatranella/Google Drive/GitHub/Repos/TaskTracker/config/environment.rb": {
        "lines": [
          null,
          1,
          null,
          null,
          1
        ]
      },
      "/Users/johnpatranella/Google Drive/GitHub/Repos/TaskTracker/config/environments/test.rb": {
        "lines": [
          1,
          null,
          null,
          null,
          null,
          null,
          null,
          1,
          null,
          null,
          1,
          null,
          null,
          null,
          null,
          1,
          null,
          null,
          1,
          1,
          null,
          null,
          null,
          null,
          1,
          1,
          1,
          null,
          null,
          1,
          null,
          null,
          1,
          null,
          null,
          1,
          null,
          1,
          null,
          null,
          null,
          null,
          1,
          null,
          null,
          1,
          null,
          null,
          1,
          null,
          null,
          1,
          null,
          null,
          null,
          null,
          null,
          null,
          null
        ]
      },
      "/Users/johnpatranella/Google Drive/GitHub/Repos/TaskTracker/config/initializers/application_controller_renderer.rb": {
        "lines": [
          null,
          null,
          null,
          null,
          null,
          null,
          null,
          null
        ]
      },
      "/Users/johnpatranella/Google Drive/GitHub/Repos/TaskTracker/config/initializers/assets.rb": {
        "lines": [
          null,
          null,
          null,
          1,
          null,
          null,
          null,
          null,
          1,
          null,
          null,
          null,
          null,
          null
        ]
      },
      "/Users/johnpatranella/Google Drive/GitHub/Repos/TaskTracker/config/initializers/backtrace_silencers.rb": {
        "lines": [
          null,
          null,
          null,
          null,
          null,
          null,
          null,
          1
        ]
      },
      "/Users/johnpatranella/Google Drive/GitHub/Repos/TaskTracker/config/initializers/content_security_policy.rb": {
        "lines": [
          null,
          null,
          null,
          null,
          null,
          null,
          null,
          null,
          null,
          null,
          null,
          null,
          null,
          null,
          null,
          null,
          null,
          null,
          null,
          null,
          null,
          null,
          null,
          null,
          null,
          null,
          null,
          null,
          null,
          null
        ]
      },
      "/Users/johnpatranella/Google Drive/GitHub/Repos/TaskTracker/config/initializers/cookies_serializer.rb": {
        "lines": [
          null,
          null,
          null,
          null,
          1
        ]
      },
      "/Users/johnpatranella/Google Drive/GitHub/Repos/TaskTracker/config/initializers/filter_parameter_logging.rb": {
        "lines": [
          null,
          null,
          null,
          1,
          null,
          null
        ]
      },
      "/Users/johnpatranella/Google Drive/GitHub/Repos/TaskTracker/config/initializers/inflections.rb": {
        "lines": [
          null,
          null,
          null,
          null,
          null,
          null,
          null,
          null,
          null,
          null,
          null,
          null,
          null,
          null,
          null,
          null
        ]
      },
      "/Users/johnpatranella/Google Drive/GitHub/Repos/TaskTracker/config/initializers/mime_types.rb": {
        "lines": [
          null,
          null,
          null,
          null
        ]
      },
      "/Users/johnpatranella/Google Drive/GitHub/Repos/TaskTracker/config/initializers/permissions_policy.rb": {
        "lines": [
          null,
          null,
          null,
          null,
          null,
          null,
          null,
          null,
          null,
          null,
          null
        ]
      },
      "/Users/johnpatranella/Google Drive/GitHub/Repos/TaskTracker/config/initializers/wrap_parameters.rb": {
        "lines": [
          null,
          null,
          null,
          null,
          null,
          null,
          1,
          0,
          null,
          null,
          null,
          null,
          null,
          null
        ]
      },
      "/Users/johnpatranella/Google Drive/GitHub/Repos/TaskTracker/config/routes.rb": {
        "lines": [
          1,
          1,
          null,
          1,
          1,
          1,
          null,
          null,
          1,
          1,
          1,
          1,
          1,
          1,
          null
        ]
      }
    },
    "timestamp": 1615260584
  }
}
